Using pre-set license
Built from '2021.3/staging' branch; Version is '2021.3.23f1 (213b516bf396) revision 2177873'; Using compiler version '192829333'; Build Type 'Release'
OS: 'Windows 11  (10.0.22621) 64bit Core' Language: 'nl' Physical Memory: 16248 MB
BatchMode: 1, IsHumanControllingUs: 0, StartBugReporterOnCrash: 0, Is64bit: 1, IsPro: 1

COMMAND LINE ARGUMENTS:
C:\Program Files\Unity\Hub\Editor\2021.3.23f1\Editor\Unity.exe
-adb2
-batchMode
-noUpm
-name
AssetImportWorker0
-projectPath
C:/Users/Noah/Documents/GitHub/MultiplayerVRSurvival/SurvivalGameThing
-logFile
Logs/AssetImportWorker0.log
-srvPort
60228
Successfully changed project path to: C:/Users/Noah/Documents/GitHub/MultiplayerVRSurvival/SurvivalGameThing
C:/Users/Noah/Documents/GitHub/MultiplayerVRSurvival/SurvivalGameThing
[UnityMemory] Configuration Parameters - Can be set up in boot.config
    "memorysetup-bucket-allocator-granularity=16"
    "memorysetup-bucket-allocator-bucket-count=8"
    "memorysetup-bucket-allocator-block-size=33554432"
    "memorysetup-bucket-allocator-block-count=8"
    "memorysetup-main-allocator-block-size=16777216"
    "memorysetup-thread-allocator-block-size=16777216"
    "memorysetup-gfx-main-allocator-block-size=16777216"
    "memorysetup-gfx-thread-allocator-block-size=16777216"
    "memorysetup-cache-allocator-block-size=4194304"
    "memorysetup-typetree-allocator-block-size=2097152"
    "memorysetup-profiler-bucket-allocator-granularity=16"
    "memorysetup-profiler-bucket-allocator-bucket-count=8"
    "memorysetup-profiler-bucket-allocator-block-size=33554432"
    "memorysetup-profiler-bucket-allocator-block-count=8"
    "memorysetup-profiler-allocator-block-size=16777216"
    "memorysetup-profiler-editor-allocator-block-size=1048576"
    "memorysetup-temp-allocator-size-main=16777216"
    "memorysetup-job-temp-allocator-block-size=2097152"
    "memorysetup-job-temp-allocator-block-size-background=1048576"
    "memorysetup-job-temp-allocator-reduction-small-platforms=262144"
    "memorysetup-temp-allocator-size-background-worker=32768"
    "memorysetup-temp-allocator-size-job-worker=262144"
    "memorysetup-temp-allocator-size-preload-manager=33554432"
    "memorysetup-temp-allocator-size-nav-mesh-worker=65536"
    "memorysetup-temp-allocator-size-audio-worker=65536"
    "memorysetup-temp-allocator-size-cloud-worker=32768"
    "memorysetup-temp-allocator-size-gi-baking-worker=262144"
    "memorysetup-temp-allocator-size-gfx=262144"
Player connection [22968] Host "[IP] 192.168.56.1 [Port] 0 [Flags] 2 [Guid] 1563408083 [EditorId] 1563408083 [Version] 1048832 [Id] WindowsEditor(7,DESKTOP-SQMCQI1) [Debug] 1 [PackageName] WindowsEditor [ProjectName] Editor" joined multi-casting on [225.0.0.222:54997]...

Player connection [22968] Host "[IP] 192.168.56.1 [Port] 0 [Flags] 2 [Guid] 1563408083 [EditorId] 1563408083 [Version] 1048832 [Id] WindowsEditor(7,DESKTOP-SQMCQI1) [Debug] 1 [PackageName] WindowsEditor [ProjectName] Editor" joined alternative multi-casting on [225.0.0.222:34997]...

Refreshing native plugins compatible for Editor in 67.62 ms, found 3 plugins.
Preloading 0 native plugins for Editor in 0.00 ms.
Initialize engine version: 2021.3.23f1 (213b516bf396)
[Subsystems] Discovering subsystems at path C:/Program Files/Unity/Hub/Editor/2021.3.23f1/Editor/Data/Resources/UnitySubsystems
[Subsystems] Discovering subsystems at path C:/Users/Noah/Documents/GitHub/MultiplayerVRSurvival/SurvivalGameThing/Assets
GfxDevice: creating device client; threaded=0; jobified=0
Direct3D:
    Version:  Direct3D 11.0 [level 11.1]
    Renderer: NVIDIA GeForce RTX 3080 (ID=0x2206)
    Vendor:   NVIDIA
    VRAM:     10067 MB
    Driver:   31.0.15.2802
Initialize mono
Mono path[0] = 'C:/Program Files/Unity/Hub/Editor/2021.3.23f1/Editor/Data/Managed'
Mono path[1] = 'C:/Program Files/Unity/Hub/Editor/2021.3.23f1/Editor/Data/MonoBleedingEdge/lib/mono/unityjit-win32'
Mono config path = 'C:/Program Files/Unity/Hub/Editor/2021.3.23f1/Editor/Data/MonoBleedingEdge/etc'
Using monoOptions --debugger-agent=transport=dt_socket,embedding=1,server=y,suspend=n,address=127.0.0.1:56444
Begin MonoManager ReloadAssembly
Registering precompiled unity dll's ...
Register platform support module: C:/Program Files/Unity/Hub/Editor/2021.3.23f1/Editor/Data/PlaybackEngines/AndroidPlayer/UnityEditor.Android.Extensions.dll
Register platform support module: C:/Program Files/Unity/Hub/Editor/2021.3.23f1/Editor/Data/PlaybackEngines/WindowsStandaloneSupport/UnityEditor.WindowsStandalone.Extensions.dll
Registered in 0.005750 seconds.
Native extension for WindowsStandalone target not found
Native extension for Android target not found
Android Extension - Scanning For ADB Devices 251 ms
Refreshing native plugins compatible for Editor in 70.28 ms, found 3 plugins.
Preloading 0 native plugins for Editor in 0.00 ms.
Mono: successfully reloaded assembly
- Completed reload, in  0.857 seconds
Domain Reload Profiling:
	ReloadAssembly (858ms)
		BeginReloadAssembly (76ms)
			ExecutionOrderSort (0ms)
			DisableScriptedObjects (0ms)
			BackupInstance (0ms)
			ReleaseScriptingObjects (0ms)
			CreateAndSetChildDomain (1ms)
		EndReloadAssembly (669ms)
			LoadAssemblies (73ms)
			RebuildTransferFunctionScriptingTraits (0ms)
			SetupTypeCache (90ms)
			ReleaseScriptCaches (0ms)
			RebuildScriptCaches (24ms)
			SetupLoadedEditorAssemblies (511ms)
				LogAssemblyErrors (0ms)
				InitializePlatformSupportModulesInManaged (323ms)
				SetLoadedEditorAssemblies (0ms)
				RefreshPlugins (70ms)
				BeforeProcessingInitializeOnLoad (1ms)
				ProcessInitializeOnLoadAttributes (75ms)
				ProcessInitializeOnLoadMethodAttributes (42ms)
				AfterProcessingInitializeOnLoad (0ms)
				EditorAssembliesLoaded (0ms)
			ExecutionOrderSort2 (0ms)
			AwakeInstancesAfterBackupRestoration (0ms)
Platform modules already initialized, skipping
Registering precompiled user dll's ...
Registered in 0.004994 seconds.
Begin MonoManager ReloadAssembly
Symbol file LoadedFromMemory doesn't match image C:\Users\Noah\Documents\GitHub\MultiplayerVRSurvival\SurvivalGameThing\Library\PackageCache\com.unity.visualscripting@1.8.0\Editor\VisualScripting.Core\Dependencies\YamlDotNet\Unity.VisualScripting.YamlDotNet.dll
Symbol file LoadedFromMemory doesn't match image C:\Users\Noah\Documents\GitHub\MultiplayerVRSurvival\SurvivalGameThing\Library\PackageCache\com.unity.visualscripting@1.8.0\Editor\VisualScripting.Core\Dependencies\DotNetZip\Unity.VisualScripting.IonicZip.dll
Native extension for WindowsStandalone target not found
Native extension for Android target not found
Refreshing native plugins compatible for Editor in 0.41 ms, found 3 plugins.
Preloading 0 native plugins for Editor in 0.00 ms.
Mono: successfully reloaded assembly
- Completed reload, in  1.028 seconds
Domain Reload Profiling:
	ReloadAssembly (1028ms)
		BeginReloadAssembly (100ms)
			ExecutionOrderSort (0ms)
			DisableScriptedObjects (5ms)
			BackupInstance (0ms)
			ReleaseScriptingObjects (0ms)
			CreateAndSetChildDomain (17ms)
		EndReloadAssembly (839ms)
			LoadAssemblies (76ms)
			RebuildTransferFunctionScriptingTraits (0ms)
			SetupTypeCache (247ms)
			ReleaseScriptCaches (0ms)
			RebuildScriptCaches (45ms)
			SetupLoadedEditorAssemblies (423ms)
				LogAssemblyErrors (0ms)
				InitializePlatformSupportModulesInManaged (18ms)
				SetLoadedEditorAssemblies (0ms)
				RefreshPlugins (1ms)
				BeforeProcessingInitializeOnLoad (71ms)
				ProcessInitializeOnLoadAttributes (310ms)
				ProcessInitializeOnLoadMethodAttributes (16ms)
				AfterProcessingInitializeOnLoad (7ms)
				EditorAssembliesLoaded (0ms)
			ExecutionOrderSort2 (0ms)
			AwakeInstancesAfterBackupRestoration (6ms)
Platform modules already initialized, skipping
========================================================================
Worker process is ready to serve import requests
Launched and connected shader compiler UnityShaderCompiler.exe after 0.11 seconds
Refreshing native plugins compatible for Editor in 0.41 ms, found 3 plugins.
Preloading 0 native plugins for Editor in 0.00 ms.
Unloading 3046 Unused Serialized files (Serialized files now loaded: 0)
Unloading 24 unused Assets / (113.4 KB). Loaded Objects now: 3508.
Memory consumption went from 107.6 MB to 107.5 MB.
Total: 3.129500 ms (FindLiveObjects: 0.246800 ms CreateObjectMapping: 0.210600 ms MarkObjects: 2.579900 ms  DeleteObjects: 0.091400 ms)

AssetImportParameters requested are different than current active one (requested -> active):
  custom:video-decoder-ogg-theora: a1e56fd34408186e4bbccfd4996cb3dc -> 
  custom:container-muxer-webm: aa71ff27fc2769a1b78a27578f13a17b -> 
  custom:container-demuxer-webm: 4f35f7cbe854078d1ac9338744f61a02 -> 
  custom:video-encoder-webm-vp8: eb34c28f22e8b96e1ab97ce403110664 -> 
  custom:audio-encoder-webm-vorbis: bf7c407c2cedff20999df2af8eb42d56 -> 
  custom:framework-win-MediaFoundation: 216162199b28c13a410421893ffa2e32 -> 
  custom:container-demuxer-ogg: 62fdf1f143b41e24485cea50d1cbac27 -> 
  custom:video-decoder-webm-vp8: 9c59270c3fd7afecdb556c50c9e8de78 -> 
  custom:audio-decoder-ogg-vorbis: bf7c407c2cedff20999df2af8eb42d56 -> 
========================================================================
Received Import Request.
  Time since last request: 382941.620085 seconds.
  path: Assets
  artifactKey: Guid(00000000000000001000000000000000) Importer(815301076,1909f56bfc062723c751e8b465ee728b)
Start importing Assets using Guid(00000000000000001000000000000000) Importer(815301076,1909f56bfc062723c751e8b465ee728b)  -> (artifact id: '79842766b460edbeab6a34051e857a80') in 0.004889 seconds 
========================================================================
Received Import Request.
  Time since last request: 142.041078 seconds.
  path: Assets/Flat Textures Pack
  artifactKey: Guid(94f0794a57acdb6448940b139184b1c5) Importer(815301076,1909f56bfc062723c751e8b465ee728b)
Start importing Assets/Flat Textures Pack using Guid(94f0794a57acdb6448940b139184b1c5) Importer(815301076,1909f56bfc062723c751e8b465ee728b)  -> (artifact id: '5028caa4e1d0153ab5e0f7fb35515f50') in 0.001750 seconds 
========================================================================
Received Import Request.
  Time since last request: 0.729536 seconds.
  path: Assets/Flat Textures Pack/Materials
  artifactKey: Guid(dcb7bdab26c5ddf4da72b22640d05580) Importer(815301076,1909f56bfc062723c751e8b465ee728b)
Start importing Assets/Flat Textures Pack/Materials using Guid(dcb7bdab26c5ddf4da72b22640d05580) Importer(815301076,1909f56bfc062723c751e8b465ee728b)  -> (artifact id: '95618d2b52421fc587e3d068e128f176') in 0.001576 seconds 
========================================================================
Received Import Request.
  Time since last request: 0.051208 seconds.
  path: Assets/Flat Textures Pack/Materials/Cave_Bush.mat
  artifactKey: Guid(e9626647ac5db254d9e870edcdfd343b) Importer(815301076,1909f56bfc062723c751e8b465ee728b)
Start importing Assets/Flat Textures Pack/Materials/Cave_Bush.mat using Guid(e9626647ac5db254d9e870edcdfd343b) Importer(815301076,1909f56bfc062723c751e8b465ee728b)  -> (artifact id: '6e25fa3919ffe64c16d39d43206313f3') in 0.316642 seconds 
========================================================================
Received Import Request.
  Time since last request: 0.000019 seconds.
  path: Assets/Flat Textures Pack/Materials/Desert_Sand_A.mat
  artifactKey: Guid(f112b988042d5844d86a06f124d4ea41) Importer(815301076,1909f56bfc062723c751e8b465ee728b)
Start importing Assets/Flat Textures Pack/Materials/Desert_Sand_A.mat using Guid(f112b988042d5844d86a06f124d4ea41) Importer(815301076,1909f56bfc062723c751e8b465ee728b)  -> (artifact id: 'e5683b88c050009e4104f7f2ed62994d') in 0.007326 seconds 
========================================================================
Received Import Request.
  Time since last request: 0.000025 seconds.
  path: Assets/Flat Textures Pack/Materials/Summer_Grass_A.mat
  artifactKey: Guid(fe40329174e9720479ab77410cc459ab) Importer(815301076,1909f56bfc062723c751e8b465ee728b)
Start importing Assets/Flat Textures Pack/Materials/Summer_Grass_A.mat using Guid(fe40329174e9720479ab77410cc459ab) Importer(815301076,1909f56bfc062723c751e8b465ee728b)  -> (artifact id: '29fa7daafe3ed4f80bfcb46c561278c4') in 0.008521 seconds 
========================================================================
Received Import Request.
  Time since last request: 0.000018 seconds.
  path: Assets/Flat Textures Pack/Materials/Winter_Cracked_Ice_C.mat
  artifactKey: Guid(78377f0d38e131048b6ba2db0b0d5690) Importer(815301076,1909f56bfc062723c751e8b465ee728b)
Start importing Assets/Flat Textures Pack/Materials/Winter_Cracked_Ice_C.mat using Guid(78377f0d38e131048b6ba2db0b0d5690) Importer(815301076,1909f56bfc062723c751e8b465ee728b)  -> (artifact id: '50185e417e9beb42ecad8bc80114cd9b') in 0.007641 seconds 
========================================================================
Received Import Request.
  Time since last request: 0.000018 seconds.
  path: Assets/Flat Textures Pack/Materials/Water_B.mat
  artifactKey: Guid(077530e0b0a9273408ae4d17c1a1af03) Importer(815301076,1909f56bfc062723c751e8b465ee728b)
Start importing Assets/Flat Textures Pack/Materials/Water_B.mat using Guid(077530e0b0a9273408ae4d17c1a1af03) Importer(815301076,1909f56bfc062723c751e8b465ee728b)  -> (artifact id: '3befbe143c65ef8007ba19c2738b0c15') in 0.007326 seconds 
========================================================================
Received Import Request.
  Time since last request: 0.000015 seconds.
  path: Assets/Flat Textures Pack/Materials/Forest_RiverPebbles.mat
  artifactKey: Guid(33edbb19ee29c624ab5c9184c95c5f2b) Importer(815301076,1909f56bfc062723c751e8b465ee728b)
Start importing Assets/Flat Textures Pack/Materials/Forest_RiverPebbles.mat using Guid(33edbb19ee29c624ab5c9184c95c5f2b) Importer(815301076,1909f56bfc062723c751e8b465ee728b)  -> (artifact id: 'd05458ad3a143ed063e4b5f8e5beee25') in 0.007148 seconds 
========================================================================
Received Import Request.
  Time since last request: 0.000017 seconds.
  path: Assets/Flat Textures Pack/Materials/Cave_GoldenPebbles.mat
  artifactKey: Guid(a63a8692330ab5f4dbb2761bf7924361) Importer(815301076,1909f56bfc062723c751e8b465ee728b)
Start importing Assets/Flat Textures Pack/Materials/Cave_GoldenPebbles.mat using Guid(a63a8692330ab5f4dbb2761bf7924361) Importer(815301076,1909f56bfc062723c751e8b465ee728b)  -> (artifact id: 'bd2ad8fc30d615d695248b98f8465021') in 0.006985 seconds 
========================================================================
Received Import Request.
  Time since last request: 0.000017 seconds.
  path: Assets/Flat Textures Pack/Materials/Winter_Flower.mat
  artifactKey: Guid(539f75970f8b10e43ace7f872679d0b2) Importer(815301076,1909f56bfc062723c751e8b465ee728b)
Start importing Assets/Flat Textures Pack/Materials/Winter_Flower.mat using Guid(539f75970f8b10e43ace7f872679d0b2) Importer(815301076,1909f56bfc062723c751e8b465ee728b)  -> (artifact id: 'bc16ca216f388203efd7c6d99b97e915') in 0.006490 seconds 
========================================================================
Received Import Request.
  Time since last request: 0.000023 seconds.
  path: Assets/Flat Textures Pack/Materials/Desert_Cliff.mat
  artifactKey: Guid(759f0740a4cb77047931846c47ae6924) Importer(815301076,1909f56bfc062723c751e8b465ee728b)
Start importing Assets/Flat Textures Pack/Materials/Desert_Cliff.mat using Guid(759f0740a4cb77047931846c47ae6924) Importer(815301076,1909f56bfc062723c751e8b465ee728b)  -> (artifact id: '13a4e1fe6c0c8ed5ce2b9d6972e11f79') in 0.007345 seconds 
========================================================================
Received Import Request.
  Time since last request: 0.000016 seconds.
  path: Assets/Flat Textures Pack/Materials/Cave_Spores.mat
  artifactKey: Guid(364df4398afe01c4cbbe3bc100bcfcde) Importer(815301076,1909f56bfc062723c751e8b465ee728b)
Start importing Assets/Flat Textures Pack/Materials/Cave_Spores.mat using Guid(364df4398afe01c4cbbe3bc100bcfcde) Importer(815301076,1909f56bfc062723c751e8b465ee728b)  -> (artifact id: '25c7df2ac263ddd40a4ed460296b40a5') in 0.007490 seconds 
========================================================================
Received Import Request.
  Time since last request: 0.000018 seconds.
  path: Assets/Flat Textures Pack/Materials/Summer_Wall.mat
  artifactKey: Guid(0acfe541cc046384d9e49c053de97ffb) Importer(815301076,1909f56bfc062723c751e8b465ee728b)
Start importing Assets/Flat Textures Pack/Materials/Summer_Wall.mat using Guid(0acfe541cc046384d9e49c053de97ffb) Importer(815301076,1909f56bfc062723c751e8b465ee728b)  -> (artifact id: 'a542358959502f1a38c27e5ea949b715') in 0.007143 seconds 
========================================================================
Received Import Request.
  Time since last request: 0.000017 seconds.
  path: Assets/Flat Textures Pack/Materials/Summer_Rocks.mat
  artifactKey: Guid(b448f0b66ddeb424097cf4c3aede85fd) Importer(815301076,1909f56bfc062723c751e8b465ee728b)
Start importing Assets/Flat Textures Pack/Materials/Summer_Rocks.mat using Guid(b448f0b66ddeb424097cf4c3aede85fd) Importer(815301076,1909f56bfc062723c751e8b465ee728b)  -> (artifact id: '08a838981e3fee30ef16b60719c75629') in 0.006103 seconds 
========================================================================
Received Import Request.
  Time since last request: 0.000019 seconds.
  path: Assets/Flat Textures Pack/Materials/Winter_Hardsnow.mat
  artifactKey: Guid(447272d5916c0734a876cfbe785794c3) Importer(815301076,1909f56bfc062723c751e8b465ee728b)
Start importing Assets/Flat Textures Pack/Materials/Winter_Hardsnow.mat using Guid(447272d5916c0734a876cfbe785794c3) Importer(815301076,1909f56bfc062723c751e8b465ee728b)  -> (artifact id: '1f617fae03c5a3dd01b7b145903663c3') in 0.006159 seconds 
========================================================================
Received Import Request.
  Time since last request: 0.000020 seconds.
  path: Assets/Flat Textures Pack/Materials/Winter_Wall.mat
  artifactKey: Guid(225f4cc257a1e38498996437dc0c3f50) Importer(815301076,1909f56bfc062723c751e8b465ee728b)
Start importing Assets/Flat Textures Pack/Materials/Winter_Wall.mat using Guid(225f4cc257a1e38498996437dc0c3f50) Importer(815301076,1909f56bfc062723c751e8b465ee728b)  -> (artifact id: 'dcf5293b5b8468f5b182c5761b2b2b35') in 0.008273 seconds 
========================================================================
Received Import Request.
  Time since last request: 0.000016 seconds.
  path: Assets/Flat Textures Pack/Materials/Winter_ChunkyIce.mat
  artifactKey: Guid(5f0995ce430fd1745a585b6cfe9c2ca9) Importer(815301076,1909f56bfc062723c751e8b465ee728b)
Start importing Assets/Flat Textures Pack/Materials/Winter_ChunkyIce.mat using Guid(5f0995ce430fd1745a585b6cfe9c2ca9) Importer(815301076,1909f56bfc062723c751e8b465ee728b)  -> (artifact id: '03dcf827755340e44a55b248dad5a04a') in 0.007309 seconds 
========================================================================
Received Import Request.
  Time since last request: 0.000021 seconds.
  path: Assets/Flat Textures Pack/Materials/Winter_IceCave.mat
  artifactKey: Guid(9b56e06f8d3f8584597ec8a11bd1f200) Importer(815301076,1909f56bfc062723c751e8b465ee728b)
Start importing Assets/Flat Textures Pack/Materials/Winter_IceCave.mat using Guid(9b56e06f8d3f8584597ec8a11bd1f200) Importer(815301076,1909f56bfc062723c751e8b465ee728b)  -> (artifact id: '0a9f6ce6941a1f291b820a7bccff5efc') in 0.007513 seconds 
========================================================================
Received Import Request.
  Time since last request: 0.000029 seconds.
  path: Assets/Flat Textures Pack/Materials/Desert_Sand_B.mat
  artifactKey: Guid(e00ca62ae67139f41b7cf3c04f00fb88) Importer(815301076,1909f56bfc062723c751e8b465ee728b)
Start importing Assets/Flat Textures Pack/Materials/Desert_Sand_B.mat using Guid(e00ca62ae67139f41b7cf3c04f00fb88) Importer(815301076,1909f56bfc062723c751e8b465ee728b)  -> (artifact id: '8d453af555ba026b9565aa7c8cffa3aa') in 0.007688 seconds 
========================================================================
Received Import Request.
  Time since last request: 0.000018 seconds.
  path: Assets/Flat Textures Pack/Materials/Desert_Tiles.mat
  artifactKey: Guid(0420eef65a9103241abca4e53c4d74bb) Importer(815301076,1909f56bfc062723c751e8b465ee728b)
Start importing Assets/Flat Textures Pack/Materials/Desert_Tiles.mat using Guid(0420eef65a9103241abca4e53c4d74bb) Importer(815301076,1909f56bfc062723c751e8b465ee728b)  -> (artifact id: '97c38d61aea561a9d26cfc171a1675ae') in 0.008700 seconds 
========================================================================
Received Import Request.
  Time since last request: 0.000017 seconds.
  path: Assets/Flat Textures Pack/Materials/Water_C.mat
  artifactKey: Guid(aca82f8a42433894199632974fbd0681) Importer(815301076,1909f56bfc062723c751e8b465ee728b)
Start importing Assets/Flat Textures Pack/Materials/Water_C.mat using Guid(aca82f8a42433894199632974fbd0681) Importer(815301076,1909f56bfc062723c751e8b465ee728b)  -> (artifact id: '15c3b74ebbc9117b1254e80d101d5f8d') in 0.008402 seconds 
========================================================================
Received Import Request.
  Time since last request: 0.000019 seconds.
  path: Assets/Flat Textures Pack/Materials/Summer_Roots.mat
  artifactKey: Guid(2a81fb5b4c7ffd34a86add061bd2f815) Importer(815301076,1909f56bfc062723c751e8b465ee728b)
Start importing Assets/Flat Textures Pack/Materials/Summer_Roots.mat using Guid(2a81fb5b4c7ffd34a86add061bd2f815) Importer(815301076,1909f56bfc062723c751e8b465ee728b)  -> (artifact id: '648fffab6d7f5ffb770a7b2fb6985311') in 0.008657 seconds 
========================================================================
Received Import Request.
  Time since last request: 0.000021 seconds.
  path: Assets/Flat Textures Pack/Materials/Cave_FireGround.mat
  artifactKey: Guid(058595cb07ad23946a0a151be620489b) Importer(815301076,1909f56bfc062723c751e8b465ee728b)
Start importing Assets/Flat Textures Pack/Materials/Cave_FireGround.mat using Guid(058595cb07ad23946a0a151be620489b) Importer(815301076,1909f56bfc062723c751e8b465ee728b)  -> (artifact id: '705739fcb447a18aac38d8090f3ab2a6') in 0.007888 seconds 
========================================================================
Received Import Request.
  Time since last request: 0.000013 seconds.
  path: Assets/Flat Textures Pack/Materials/Summer_Moss.mat
  artifactKey: Guid(ee8af93f6543af1418cb59d1c38e78be) Importer(815301076,1909f56bfc062723c751e8b465ee728b)
Start importing Assets/Flat Textures Pack/Materials/Summer_Moss.mat using Guid(ee8af93f6543af1418cb59d1c38e78be) Importer(815301076,1909f56bfc062723c751e8b465ee728b)  -> (artifact id: '26a18fc10a703b21f8335e2569cdf06b') in 0.007821 seconds 
========================================================================
Received Import Request.
  Time since last request: 0.000018 seconds.
  path: Assets/Flat Textures Pack/Materials/Summer_Dirt_A.mat
  artifactKey: Guid(865b305109e555749a4c8609b545998d) Importer(815301076,1909f56bfc062723c751e8b465ee728b)
Start importing Assets/Flat Textures Pack/Materials/Summer_Dirt_A.mat using Guid(865b305109e555749a4c8609b545998d) Importer(815301076,1909f56bfc062723c751e8b465ee728b)  -> (artifact id: 'd7389692c9b7888e18c274ff7567f581') in 0.007714 seconds 
========================================================================
Received Import Request.
  Time since last request: 0.000024 seconds.
  path: Assets/Flat Textures Pack/Materials/Desert_CracedMud.mat
  artifactKey: Guid(9c499f1f265a28748a3f4ccecb05c8c8) Importer(815301076,1909f56bfc062723c751e8b465ee728b)
Start importing Assets/Flat Textures Pack/Materials/Desert_CracedMud.mat using Guid(9c499f1f265a28748a3f4ccecb05c8c8) Importer(815301076,1909f56bfc062723c751e8b465ee728b)  -> (artifact id: 'ecac651b6c17c3797359eebf3569f66a') in 0.008210 seconds 
========================================================================
Received Import Request.
  Time since last request: 0.000018 seconds.
  path: Assets/Flat Textures Pack/Materials/Winter_Bush.mat
  artifactKey: Guid(1f8f706c4245d5b49a36d8e449469de6) Importer(815301076,1909f56bfc062723c751e8b465ee728b)
Start importing Assets/Flat Textures Pack/Materials/Winter_Bush.mat using Guid(1f8f706c4245d5b49a36d8e449469de6) Importer(815301076,1909f56bfc062723c751e8b465ee728b)  -> (artifact id: '6e50ec4d98101fe53b9cd54a412a8dd5') in 0.006683 seconds 
========================================================================
Received Import Request.
  Time since last request: 96.813861 seconds.
  path: Assets/Flat Textures Pack/Demo
  artifactKey: Guid(55080760470e33b48b7a68558ba0c3c7) Importer(815301076,1909f56bfc062723c751e8b465ee728b)
Start importing Assets/Flat Textures Pack/Demo using Guid(55080760470e33b48b7a68558ba0c3c7) Importer(815301076,1909f56bfc062723c751e8b465ee728b)  -> (artifact id: 'b1f8f5da174ad6d064041637b7f48332') in 0.001602 seconds 
========================================================================
Received Import Request.
  Time since last request: 2.137239 seconds.
  path: Assets/Flat Textures Pack/Textures
  artifactKey: Guid(5f6e8344c3218d44f8fd29234066aff6) Importer(815301076,1909f56bfc062723c751e8b465ee728b)
Start importing Assets/Flat Textures Pack/Textures using Guid(5f6e8344c3218d44f8fd29234066aff6) Importer(815301076,1909f56bfc062723c751e8b465ee728b)  -> (artifact id: '82ca532e9fbd6fa1d2c1530c6cb3f6cf') in 0.001432 seconds 
========================================================================
Received Import Request.
  Time since last request: 0.090034 seconds.
  path: Assets/Flat Textures Pack/Textures/Cave_Bush.png
  artifactKey: Guid(f66cf91fe79cffe4bbe6a155e61e4bb7) Importer(815301076,1909f56bfc062723c751e8b465ee728b)
Start importing Assets/Flat Textures Pack/Textures/Cave_Bush.png using Guid(f66cf91fe79cffe4bbe6a155e61e4bb7) Importer(815301076,1909f56bfc062723c751e8b465ee728b)  -> (artifact id: '770c38cfb65fbf071376181eaf01bc2d') in 0.555435 seconds 
========================================================================
Received Import Request.
  Time since last request: 0.000018 seconds.
  path: Assets/Flat Textures Pack/Textures/Winter_Cracked_Ice_C.png
  artifactKey: Guid(ac9df218827ab504e93d6862617b2de7) Importer(815301076,1909f56bfc062723c751e8b465ee728b)
Start importing Assets/Flat Textures Pack/Textures/Winter_Cracked_Ice_C.png using Guid(ac9df218827ab504e93d6862617b2de7) Importer(815301076,1909f56bfc062723c751e8b465ee728b)  -> (artifact id: '810f8f85de151d6169f5d994b62bf92b') in 0.008228 seconds 
========================================================================
Received Import Request.
  Time since last request: 0.000025 seconds.
  path: Assets/Flat Textures Pack/Textures/Desert_Bushes.png
  artifactKey: Guid(374f043a3f99333449e20804007556c2) Importer(815301076,1909f56bfc062723c751e8b465ee728b)
Start importing Assets/Flat Textures Pack/Textures/Desert_Bushes.png using Guid(374f043a3f99333449e20804007556c2) Importer(815301076,1909f56bfc062723c751e8b465ee728b)  -> (artifact id: '06db5f90ce3cc5acd7d3c75fa3a5c03c') in 0.007592 seconds 
========================================================================
Received Import Request.
  Time since last request: 0.000025 seconds.
  path: Assets/Flat Textures Pack/Textures/Summer_RiverPebbles.png
  artifactKey: Guid(0850fbb36b5346249a2687f29aa97e58) Importer(815301076,1909f56bfc062723c751e8b465ee728b)
Start importing Assets/Flat Textures Pack/Textures/Summer_RiverPebbles.png using Guid(0850fbb36b5346249a2687f29aa97e58) Importer(815301076,1909f56bfc062723c751e8b465ee728b)  -> (artifact id: 'dab52aa1e8645096ac04542761d8987a') in 0.007318 seconds 
========================================================================
Received Import Request.
  Time since last request: 0.000017 seconds.
  path: Assets/Flat Textures Pack/Textures/Summer_CrackedRock.png
  artifactKey: Guid(29b952018edebb44ca66eeedaa2411c7) Importer(815301076,1909f56bfc062723c751e8b465ee728b)
Start importing Assets/Flat Textures Pack/Textures/Summer_CrackedRock.png using Guid(29b952018edebb44ca66eeedaa2411c7) Importer(815301076,1909f56bfc062723c751e8b465ee728b)  -> (artifact id: 'b6d772ff8b82f6a7971c7eeb17e2ca93') in 0.009612 seconds 
========================================================================
Received Import Request.
  Time since last request: 0.000021 seconds.
  path: Assets/Flat Textures Pack/Textures/Winter_Snow_B.png
  artifactKey: Guid(1a96f8a365e354b408b073050647357f) Importer(815301076,1909f56bfc062723c751e8b465ee728b)
Start importing Assets/Flat Textures Pack/Textures/Winter_Snow_B.png using Guid(1a96f8a365e354b408b073050647357f) Importer(815301076,1909f56bfc062723c751e8b465ee728b)  -> (artifact id: 'c331c2a2ffd57acbda5e6a90daae0045') in 0.008307 seconds 
========================================================================
Received Import Request.
  Time since last request: 0.000016 seconds.
  path: Assets/Flat Textures Pack/Textures/Cave_FireGround.png
  artifactKey: Guid(2c3a68b4404445e44bff84d1bb91c1f5) Importer(815301076,1909f56bfc062723c751e8b465ee728b)
Start importing Assets/Flat Textures Pack/Textures/Cave_FireGround.png using Guid(2c3a68b4404445e44bff84d1bb91c1f5) Importer(815301076,1909f56bfc062723c751e8b465ee728b)  -> (artifact id: '9a3dda27fe53fdb65325e4fbb46f84e6') in 0.006887 seconds 
========================================================================
Received Import Request.
  Time since last request: 0.000017 seconds.
  path: Assets/Flat Textures Pack/Textures/Cave_Spores.png
  artifactKey: Guid(9289c7337ada4bc45959b4ff82b1b784) Importer(815301076,1909f56bfc062723c751e8b465ee728b)
Start importing Assets/Flat Textures Pack/Textures/Cave_Spores.png using Guid(9289c7337ada4bc45959b4ff82b1b784) Importer(815301076,1909f56bfc062723c751e8b465ee728b)  -> (artifact id: '4f0b208a2a2b6f09480846fd858df0c0') in 0.007818 seconds 
========================================================================
Received Import Request.
  Time since last request: 0.000023 seconds.
  path: Assets/Flat Textures Pack/Textures/Summer_Roots.png
  artifactKey: Guid(9160bb514caa5e641a0fc34cd91ce0f9) Importer(815301076,1909f56bfc062723c751e8b465ee728b)
Start importing Assets/Flat Textures Pack/Textures/Summer_Roots.png using Guid(9160bb514caa5e641a0fc34cd91ce0f9) Importer(815301076,1909f56bfc062723c751e8b465ee728b)  -> (artifact id: '398aa79797c7c6980da5fd69058d03a5') in 0.007147 seconds 
========================================================================
Received Import Request.
  Time since last request: 0.000017 seconds.
  path: Assets/Flat Textures Pack/Textures/Summer_Dirt_A.png
  artifactKey: Guid(14833b0b08b0a6945b0dd4f86360fe01) Importer(815301076,1909f56bfc062723c751e8b465ee728b)
Start importing Assets/Flat Textures Pack/Textures/Summer_Dirt_A.png using Guid(14833b0b08b0a6945b0dd4f86360fe01) Importer(815301076,1909f56bfc062723c751e8b465ee728b)  -> (artifact id: 'c9febc88bd8d55bc378eebf57e945492') in 0.007968 seconds 
========================================================================
Received Import Request.
  Time since last request: 0.000018 seconds.
  path: Assets/Flat Textures Pack/Textures/Summer_Roses.png
  artifactKey: Guid(330b1e96b6c1f3445ba9f4133e803a71) Importer(815301076,1909f56bfc062723c751e8b465ee728b)
Start importing Assets/Flat Textures Pack/Textures/Summer_Roses.png using Guid(330b1e96b6c1f3445ba9f4133e803a71) Importer(815301076,1909f56bfc062723c751e8b465ee728b)  -> (artifact id: '5816ac09d846dd1c917fe4a8919be66b') in 0.007883 seconds 
========================================================================
Received Import Request.
  Time since last request: 0.000016 seconds.
  path: Assets/Flat Textures Pack/Textures/Winter_Bush.png
  artifactKey: Guid(3afbbf99dc4ba9847ba9e53b8942903c) Importer(815301076,1909f56bfc062723c751e8b465ee728b)
Start importing Assets/Flat Textures Pack/Textures/Winter_Bush.png using Guid(3afbbf99dc4ba9847ba9e53b8942903c) Importer(815301076,1909f56bfc062723c751e8b465ee728b)  -> (artifact id: 'ea0c09fe29d38c76f56c4a4f9da1a8c1') in 0.006186 seconds 
========================================================================
Received Import Request.
  Time since last request: 0.000015 seconds.
  path: Assets/Flat Textures Pack/Textures/Winter_ChunkyIce.png
  artifactKey: Guid(5dcef4630307f1f468484c2e9d67cf30) Importer(815301076,1909f56bfc062723c751e8b465ee728b)
Start importing Assets/Flat Textures Pack/Textures/Winter_ChunkyIce.png using Guid(5dcef4630307f1f468484c2e9d67cf30) Importer(815301076,1909f56bfc062723c751e8b465ee728b)  -> (artifact id: '3211796082665a8b8345154777762c1b') in 0.007141 seconds 
========================================================================
Received Import Request.
  Time since last request: 0.000015 seconds.
  path: Assets/Flat Textures Pack/Textures/Summer_Wall.png
  artifactKey: Guid(b6729a0d44c32e94a9e0ead2606f79a2) Importer(815301076,1909f56bfc062723c751e8b465ee728b)
Start importing Assets/Flat Textures Pack/Textures/Summer_Wall.png using Guid(b6729a0d44c32e94a9e0ead2606f79a2) Importer(815301076,1909f56bfc062723c751e8b465ee728b)  -> (artifact id: '61f9fbeac62203decdc5c7236616bd0f') in 0.009667 seconds 
========================================================================
Received Import Request.
  Time since last request: 0.000017 seconds.
  path: Assets/Flat Textures Pack/Textures/Winter_FrozenGround.png
  artifactKey: Guid(e2acd3ed2fb446544a34b648341c93fd) Importer(815301076,1909f56bfc062723c751e8b465ee728b)
Start importing Assets/Flat Textures Pack/Textures/Winter_FrozenGround.png using Guid(e2acd3ed2fb446544a34b648341c93fd) Importer(815301076,1909f56bfc062723c751e8b465ee728b)  -> (artifact id: '5e71433055d3f0720d967ce4b501981e') in 0.006806 seconds 
========================================================================
Received Import Request.
  Time since last request: 0.000019 seconds.
  path: Assets/Flat Textures Pack/Textures/Winter_ce_Cracked_B.png
  artifactKey: Guid(aec36e83e2786ac41afbe9372e4e4067) Importer(815301076,1909f56bfc062723c751e8b465ee728b)
Start importing Assets/Flat Textures Pack/Textures/Winter_ce_Cracked_B.png using Guid(aec36e83e2786ac41afbe9372e4e4067) Importer(815301076,1909f56bfc062723c751e8b465ee728b)  -> (artifact id: '5f3668e7e9e26e45aeb24a08986ece30') in 0.006109 seconds 
========================================================================
Received Import Request.
  Time since last request: 0.000017 seconds.
  path: Assets/Flat Textures Pack/Textures/Winter_Flower.png
  artifactKey: Guid(cc7b23b24df12264a97f682f65915163) Importer(815301076,1909f56bfc062723c751e8b465ee728b)
Start importing Assets/Flat Textures Pack/Textures/Winter_Flower.png using Guid(cc7b23b24df12264a97f682f65915163) Importer(815301076,1909f56bfc062723c751e8b465ee728b)  -> (artifact id: 'b3cf129e1b5e27b15680312d20725752') in 0.006477 seconds 
========================================================================
Received Import Request.
  Time since last request: 0.000016 seconds.
  path: Assets/Flat Textures Pack/Textures/Water_A.png
  artifactKey: Guid(1946cf558a9d27644a68c2e335ae6df7) Importer(815301076,1909f56bfc062723c751e8b465ee728b)
Start importing Assets/Flat Textures Pack/Textures/Water_A.png using Guid(1946cf558a9d27644a68c2e335ae6df7) Importer(815301076,1909f56bfc062723c751e8b465ee728b)  -> (artifact id: '113872669ce63c6e2bcbc409bfdbf1bc') in 0.007366 seconds 
========================================================================
Received Import Request.
  Time since last request: 0.000019 seconds.
  path: Assets/Flat Textures Pack/Textures/Water_D.png
  artifactKey: Guid(60cabeb742477d54fbe159e9061f335d) Importer(815301076,1909f56bfc062723c751e8b465ee728b)
Start importing Assets/Flat Textures Pack/Textures/Water_D.png using Guid(60cabeb742477d54fbe159e9061f335d) Importer(815301076,1909f56bfc062723c751e8b465ee728b)  -> (artifact id: '11a4cdfd21067b3c4c7901ab87e509c8') in 0.007702 seconds 
========================================================================
Received Import Request.
  Time since last request: 0.000012 seconds.
  path: Assets/Flat Textures Pack/Textures/Desert_Sand_B.png
  artifactKey: Guid(970ad6b6e3accb640a4bb916a1034bd4) Importer(815301076,1909f56bfc062723c751e8b465ee728b)
Start importing Assets/Flat Textures Pack/Textures/Desert_Sand_B.png using Guid(970ad6b6e3accb640a4bb916a1034bd4) Importer(815301076,1909f56bfc062723c751e8b465ee728b)  -> (artifact id: '057a0b25d730eb9deffc0f6e101611d0') in 0.007582 seconds 
========================================================================
Received Import Request.
  Time since last request: 0.000017 seconds.
  path: Assets/Flat Textures Pack/Textures/Winter_IceCave.png
  artifactKey: Guid(4a3e8f1cd37ac564f8f0c0a80b080c37) Importer(815301076,1909f56bfc062723c751e8b465ee728b)
Start importing Assets/Flat Textures Pack/Textures/Winter_IceCave.png using Guid(4a3e8f1cd37ac564f8f0c0a80b080c37) Importer(815301076,1909f56bfc062723c751e8b465ee728b)  -> (artifact id: 'f845ebc8ba3bfae765f1576efd8bbead') in 0.006975 seconds 
========================================================================
Received Import Request.
  Time since last request: 0.000024 seconds.
  path: Assets/Flat Textures Pack/Textures/Cave_Magma.png
  artifactKey: Guid(d028d237290dff545b1ac2636948f0a0) Importer(815301076,1909f56bfc062723c751e8b465ee728b)
Start importing Assets/Flat Textures Pack/Textures/Cave_Magma.png using Guid(d028d237290dff545b1ac2636948f0a0) Importer(815301076,1909f56bfc062723c751e8b465ee728b)  -> (artifact id: 'ebd03184a892b6958a3fca138a5cd8e5') in 0.007864 seconds 
========================================================================
Received Import Request.
  Time since last request: 0.000016 seconds.
  path: Assets/Flat Textures Pack/Textures/Summer_Mud_A.png
  artifactKey: Guid(ccbae51c789c51e4682f749aa91ce1ab) Importer(815301076,1909f56bfc062723c751e8b465ee728b)
Start importing Assets/Flat Textures Pack/Textures/Summer_Mud_A.png using Guid(ccbae51c789c51e4682f749aa91ce1ab) Importer(815301076,1909f56bfc062723c751e8b465ee728b)  -> (artifact id: 'a2d71125c180b6609e55bdca12544f05') in 0.007894 seconds 
========================================================================
Received Import Request.
  Time since last request: 0.000026 seconds.
  path: Assets/Flat Textures Pack/Textures/Winter_Wall.png
  artifactKey: Guid(55d9b7c24bcff144192b2c1889dbc798) Importer(815301076,1909f56bfc062723c751e8b465ee728b)
Start importing Assets/Flat Textures Pack/Textures/Winter_Wall.png using Guid(55d9b7c24bcff144192b2c1889dbc798) Importer(815301076,1909f56bfc062723c751e8b465ee728b)  -> (artifact id: 'bd86818b96433efcff738f81492a7a7e') in 0.008198 seconds 
========================================================================
Received Import Request.
  Time since last request: 0.000017 seconds.
  path: Assets/Flat Textures Pack/Textures/Desert_Cliff.png
  artifactKey: Guid(f19def3b08a4bf34da11bd34756ee17f) Importer(815301076,1909f56bfc062723c751e8b465ee728b)
Start importing Assets/Flat Textures Pack/Textures/Desert_Cliff.png using Guid(f19def3b08a4bf34da11bd34756ee17f) Importer(815301076,1909f56bfc062723c751e8b465ee728b)  -> (artifact id: '80da05639b1e6c1e600e7f671c199964') in 0.007374 seconds 
========================================================================
Received Import Request.
  Time since last request: 1.350466 seconds.
  path: Assets/Darth_Artisan
  artifactKey: Guid(1dda5fe30fd2a42bba9d51692a095c6b) Importer(815301076,1909f56bfc062723c751e8b465ee728b)
Start importing Assets/Darth_Artisan using Guid(1dda5fe30fd2a42bba9d51692a095c6b) Importer(815301076,1909f56bfc062723c751e8b465ee728b)  -> (artifact id: '340d438d4a56575b123817cf5c71b10b') in 0.001455 seconds 
========================================================================
Received Import Request.
  Time since last request: 0.715227 seconds.
  path: Assets/Darth_Artisan/Free_Trees
  artifactKey: Guid(b7aee0f11d1aa466daa952466d59cae8) Importer(815301076,1909f56bfc062723c751e8b465ee728b)
Start importing Assets/Darth_Artisan/Free_Trees using Guid(b7aee0f11d1aa466daa952466d59cae8) Importer(815301076,1909f56bfc062723c751e8b465ee728b)  -> (artifact id: '276abc18ee99cae21a465ca6bc1da1bc') in 0.001487 seconds 
========================================================================
Received Import Request.
  Time since last request: 1.955746 seconds.
  path: Assets/Scenes
  artifactKey: Guid(6ea315d0fd7389c41b19996891e99ae3) Importer(815301076,1909f56bfc062723c751e8b465ee728b)
Start importing Assets/Scenes using Guid(6ea315d0fd7389c41b19996891e99ae3) Importer(815301076,1909f56bfc062723c751e8b465ee728b)  -> (artifact id: 'bc172811d573b296104adb4d2728db37') in 0.001543 seconds 
========================================================================
Received Import Request.
  Time since last request: 20.082766 seconds.
  path: Assets/header.jpeg
  artifactKey: Guid(5478143f0e91fa342ac4725300edac04) Importer(815301076,1909f56bfc062723c751e8b465ee728b)
Start importing Assets/header.jpeg using Guid(5478143f0e91fa342ac4725300edac04) Importer(815301076,1909f56bfc062723c751e8b465ee728b)  -> (artifact id: 'f6d3fcac5c821fb558ddf63239b5ea96') in 0.013174 seconds 
========================================================================
Received Import Request.
  Time since last request: 7.918191 seconds.
  path: Assets/Download (1).jpeg
  artifactKey: Guid(f26a2c021896d5f40be5f861c75af0bb) Importer(815301076,1909f56bfc062723c751e8b465ee728b)
Start importing Assets/Download (1).jpeg using Guid(f26a2c021896d5f40be5f861c75af0bb) Importer(815301076,1909f56bfc062723c751e8b465ee728b)  -> (artifact id: '64c387b325586f6736117be83cd4c4c7') in 0.005930 seconds 
========================================================================
Received Import Request.
  Time since last request: 6.493346 seconds.
  path: Assets/lightfur.png
  artifactKey: Guid(8113b0c85c8830140a2c460040271bfc) Importer(815301076,1909f56bfc062723c751e8b465ee728b)
Start importing Assets/lightfur.png using Guid(8113b0c85c8830140a2c460040271bfc) Importer(815301076,1909f56bfc062723c751e8b465ee728b)  -> (artifact id: '0e32c25e64957211950672c1f51132c0') in 0.009486 seconds 
========================================================================
Received Import Request.
  Time since last request: 6.868194 seconds.
  path: Assets/Gtag Normalmonke.fbx
  artifactKey: Guid(f41a31046d070f74a9867e6573916286) Importer(815301076,1909f56bfc062723c751e8b465ee728b)
Start importing Assets/Gtag Normalmonke.fbx using Guid(f41a31046d070f74a9867e6573916286) Importer(815301076,1909f56bfc062723c751e8b465ee728b)  -> (artifact id: 'bc9aab12b01d5a3f8768e6b0e8957069') in 0.305686 seconds 
========================================================================
Received Import Request.
  Time since last request: 32.562346 seconds.
  path: Assets/Materials
  artifactKey: Guid(62212af80d5cfa64689dcbd76e2e6b05) Importer(815301076,1909f56bfc062723c751e8b465ee728b)
Start importing Assets/Materials using Guid(62212af80d5cfa64689dcbd76e2e6b05) Importer(815301076,1909f56bfc062723c751e8b465ee728b)  -> (artifact id: 'b394207ab5c3a46c1bbb8957e4c959a0') in 0.001283 seconds 
========================================================================
Received Import Request.
  Time since last request: 0.736239 seconds.
  path: Assets/Materials/Download (1).mat
  artifactKey: Guid(d4c26a78fe1724b4999cf6775e3d6a08) Importer(815301076,1909f56bfc062723c751e8b465ee728b)
Start importing Assets/Materials/Download (1).mat using Guid(d4c26a78fe1724b4999cf6775e3d6a08) Importer(815301076,1909f56bfc062723c751e8b465ee728b)  -> (artifact id: '49c2b6cc128f87c9f9517338e8981996') in 0.006366 seconds 
========================================================================
Received Import Request.
  Time since last request: 16.516766 seconds.
  path: Assets/Gtag Normalmonke.fbx
  artifactKey: Guid(f41a31046d070f74a9867e6573916286) Importer(815301076,1909f56bfc062723c751e8b465ee728b)
Start importing Assets/Gtag Normalmonke.fbx using Guid(f41a31046d070f74a9867e6573916286) Importer(815301076,1909f56bfc062723c751e8b465ee728b)  -> (artifact id: 'fdf6e295d5d0b849923724cad8482db5') in 0.034741 seconds 
========================================================================
Received Import Request.
  Time since last request: 13.301122 seconds.
  path: Assets/Assets
  artifactKey: Guid(2f06747103862de4d986104c860cfc9a) Importer(815301076,1909f56bfc062723c751e8b465ee728b)
Start importing Assets/Assets using Guid(2f06747103862de4d986104c860cfc9a) Importer(815301076,1909f56bfc062723c751e8b465ee728b)  -> (artifact id: '70442f40e61852e1e6ae622df70a91d6') in 0.001466 seconds 
========================================================================
Received Import Request.
  Time since last request: 36.632561 seconds.
  path: Assets/3D Assets
  artifactKey: Guid(2f06747103862de4d986104c860cfc9a) Importer(815301076,1909f56bfc062723c751e8b465ee728b)
Start importing Assets/3D Assets using Guid(2f06747103862de4d986104c860cfc9a) Importer(815301076,1909f56bfc062723c751e8b465ee728b)  -> (artifact id: 'd97787a47f7b4d65c0e636f13d1936d9') in 0.001584 seconds 
========================================================================
Received Import Request.
  Time since last request: 96.479087 seconds.
  path: Assets/Scripts
  artifactKey: Guid(8a3f89d0d9db4d442bda17be33a6cc4e) Importer(815301076,1909f56bfc062723c751e8b465ee728b)
Start importing Assets/Scripts using Guid(8a3f89d0d9db4d442bda17be33a6cc4e) Importer(815301076,1909f56bfc062723c751e8b465ee728b)  -> (artifact id: '4eb4f18300116012ae10f1edc6ccf893') in 0.001540 seconds 
========================================================================
Received Import Request.
  Time since last request: 76.216277 seconds.
  path: Assets/3D Assets/Darth_Artisan/Free_Trees/Prefabs
  artifactKey: Guid(2365d38fec1724d4199604c670e1f4a6) Importer(815301076,1909f56bfc062723c751e8b465ee728b)
Start importing Assets/3D Assets/Darth_Artisan/Free_Trees/Prefabs using Guid(2365d38fec1724d4199604c670e1f4a6) Importer(815301076,1909f56bfc062723c751e8b465ee728b)  -> (artifact id: 'a94dcce6859f0b664fe9328a2314e0f5') in 0.001931 seconds 
========================================================================
Received Import Request.
  Time since last request: 0.808566 seconds.
  path: Assets/3D Assets/Darth_Artisan/Free_Trees/Prefabs/Fir_Tree.prefab
  artifactKey: Guid(19682540d8a014522a319b1cf788aee2) Importer(815301076,1909f56bfc062723c751e8b465ee728b)
Start importing Assets/3D Assets/Darth_Artisan/Free_Trees/Prefabs/Fir_Tree.prefab using Guid(19682540d8a014522a319b1cf788aee2) Importer(815301076,1909f56bfc062723c751e8b465ee728b)  -> (artifact id: '5d579c9a5444169dcaceedd2ec4a4c85') in 0.076174 seconds 
========================================================================
Received Import Request.
  Time since last request: 0.000017 seconds.
  path: Assets/3D Assets/Darth_Artisan/Free_Trees/Prefabs/Poplar_Tree.prefab
  artifactKey: Guid(826b6a0b570e8460990010fa615b5a2a) Importer(815301076,1909f56bfc062723c751e8b465ee728b)
Start importing Assets/3D Assets/Darth_Artisan/Free_Trees/Prefabs/Poplar_Tree.prefab using Guid(826b6a0b570e8460990010fa615b5a2a) Importer(815301076,1909f56bfc062723c751e8b465ee728b)  -> (artifact id: '07b66c84a52f10212fc7c968422be666') in 0.007058 seconds 
========================================================================
Received Import Request.
  Time since last request: 0.000022 seconds.
  path: Assets/3D Assets/Darth_Artisan/Free_Trees/Prefabs/Palm_Tree.prefab
  artifactKey: Guid(c6b7fb383a3534b039692b5485b6e739) Importer(815301076,1909f56bfc062723c751e8b465ee728b)
Start importing Assets/3D Assets/Darth_Artisan/Free_Trees/Prefabs/Palm_Tree.prefab using Guid(c6b7fb383a3534b039692b5485b6e739) Importer(815301076,1909f56bfc062723c751e8b465ee728b)  -> (artifact id: '9109ee4609a2dac7974c3800135dc616') in 0.006448 seconds 
========================================================================
Received Import Request.
  Time since last request: 120.800650 seconds.
  path: Assets/Materials/Textures
  artifactKey: Guid(c741e4e9ae3242f43b77a1e82b184f01) Importer(815301076,1909f56bfc062723c751e8b465ee728b)
Start importing Assets/Materials/Textures using Guid(c741e4e9ae3242f43b77a1e82b184f01) Importer(815301076,1909f56bfc062723c751e8b465ee728b)  -> (artifact id: '9ef73a9752e1125f7fc5bfa728710769') in 0.001499 seconds 
========================================================================
Received Import Request.
  Time since last request: 20.599968 seconds.
  path: Assets/Materials/New Material.mat
  artifactKey: Guid(713219fb412f3a04a8b40c02921af43d) Importer(815301076,1909f56bfc062723c751e8b465ee728b)
Start importing Assets/Materials/New Material.mat using Guid(713219fb412f3a04a8b40c02921af43d) Importer(815301076,1909f56bfc062723c751e8b465ee728b)  -> (artifact id: '1f6586fde00f42d442446134366d84c0') in 0.007712 seconds 
========================================================================
Received Import Request.
  Time since last request: 60.198732 seconds.
  path: Assets/Materials/Blue(Cyan).mat
  artifactKey: Guid(713219fb412f3a04a8b40c02921af43d) Importer(815301076,1909f56bfc062723c751e8b465ee728b)
Start importing Assets/Materials/Blue(Cyan).mat using Guid(713219fb412f3a04a8b40c02921af43d) Importer(815301076,1909f56bfc062723c751e8b465ee728b)  -> (artifact id: '2b96a2eec1939a050e68dd6ec59de58e') in 0.007898 seconds 
========================================================================
Received Import Request.
  Time since last request: 95.623488 seconds.
  path: Assets/Materials/New Custom Render Texture.asset
  artifactKey: Guid(fc402c843d501b0419468a27f585a8d7) Importer(815301076,1909f56bfc062723c751e8b465ee728b)
Start importing Assets/Materials/New Custom Render Texture.asset using Guid(fc402c843d501b0419468a27f585a8d7) Importer(815301076,1909f56bfc062723c751e8b465ee728b)  -> (artifact id: 'bd4cd993fdf56e5854628b5566e5d2c1') in 0.016643 seconds 
========================================================================
Received Import Request.
  Time since last request: 2897.429303 seconds.
  path: Assets/Materials/Materials
  artifactKey: Guid(e3797446beedc1e4eb8878e9c6b5f5c7) Importer(815301076,1909f56bfc062723c751e8b465ee728b)
Start importing Assets/Materials/Materials using Guid(e3797446beedc1e4eb8878e9c6b5f5c7) Importer(815301076,1909f56bfc062723c751e8b465ee728b)  -> (artifact id: '0abdf97f67f2a95bcfbec7a9b5562fbc') in 0.001475 seconds 
========================================================================
Received Import Request.
  Time since last request: 0.128323 seconds.
  path: Assets/Materials/Materials/New Custom Render Texture.mat
  artifactKey: Guid(91c3692736773e2429218ba460040eb0) Importer(815301076,1909f56bfc062723c751e8b465ee728b)
Start importing Assets/Materials/Materials/New Custom Render Texture.mat using Guid(91c3692736773e2429218ba460040eb0) Importer(815301076,1909f56bfc062723c751e8b465ee728b)  -> (artifact id: '66d7608d0adc7bed4c64b9a808a07397') in 0.017259 seconds 
========================================================================
Received Prepare
Registering precompiled user dll's ...
Registered in 0.006196 seconds.
Begin MonoManager ReloadAssembly
Native extension for WindowsStandalone target not found
Native extension for Android target not found
Refreshing native plugins compatible for Editor in 14.45 ms, found 2 plugins.
Preloading 0 native plugins for Editor in 0.00 ms.
Mono: successfully reloaded assembly
- Completed reload, in  1.980 seconds
Domain Reload Profiling:
	ReloadAssembly (1981ms)
		BeginReloadAssembly (904ms)
			ExecutionOrderSort (9ms)
			DisableScriptedObjects (10ms)
			BackupInstance (0ms)
			ReleaseScriptingObjects (0ms)
			CreateAndSetChildDomain (191ms)
		EndReloadAssembly (962ms)
			LoadAssemblies (474ms)
			RebuildTransferFunctionScriptingTraits (12ms)
			SetupTypeCache (303ms)
			ReleaseScriptCaches (1ms)
			RebuildScriptCaches (31ms)
			SetupLoadedEditorAssemblies (423ms)
				LogAssemblyErrors (0ms)
				InitializePlatformSupportModulesInManaged (45ms)
				SetLoadedEditorAssemblies (0ms)
				RefreshPlugins (15ms)
				BeforeProcessingInitializeOnLoad (54ms)
				ProcessInitializeOnLoadAttributes (287ms)
				ProcessInitializeOnLoadMethodAttributes (15ms)
				AfterProcessingInitializeOnLoad (7ms)
				EditorAssembliesLoaded (0ms)
			ExecutionOrderSort2 (0ms)
			AwakeInstancesAfterBackupRestoration (6ms)
Platform modules already initialized, skipping
Refreshing native plugins compatible for Editor in 11.72 ms, found 2 plugins.
Preloading 0 native plugins for Editor in 0.00 ms.
Unloading 1460 Unused Serialized files (Serialized files now loaded: 0)
Unloading 872 unused Assets / (99.1 KB). Loaded Objects now: 2704.
Memory consumption went from 91.8 MB to 91.7 MB.
Total: 3.823400 ms (FindLiveObjects: 0.239300 ms CreateObjectMapping: 0.210900 ms MarkObjects: 2.987700 ms  DeleteObjects: 0.384400 ms)

AssetImportParameters requested are different than current active one (requested -> active):
  custom:video-decoder-ogg-theora: a1e56fd34408186e4bbccfd4996cb3dc -> 
  custom:container-muxer-webm: aa71ff27fc2769a1b78a27578f13a17b -> 
  custom:container-demuxer-webm: 4f35f7cbe854078d1ac9338744f61a02 -> 
  custom:video-encoder-webm-vp8: eb34c28f22e8b96e1ab97ce403110664 -> 
  custom:audio-encoder-webm-vorbis: bf7c407c2cedff20999df2af8eb42d56 -> 
  custom:framework-win-MediaFoundation: 216162199b28c13a410421893ffa2e32 -> 
  custom:container-demuxer-ogg: 62fdf1f143b41e24485cea50d1cbac27 -> 
  custom:video-decoder-webm-vp8: 9c59270c3fd7afecdb556c50c9e8de78 -> 
  custom:audio-decoder-ogg-vorbis: bf7c407c2cedff20999df2af8eb42d56 -> 
========================================================================
Received Import Request.
  Time since last request: 9504.589896 seconds.
  path: Assets/3D Assets/greyRoadStudio
  artifactKey: Guid(055dbffb9a6dc894fac73c6ae1eb1a8c) Importer(815301076,1909f56bfc062723c751e8b465ee728b)
Start importing Assets/3D Assets/greyRoadStudio using Guid(055dbffb9a6dc894fac73c6ae1eb1a8c) Importer(815301076,1909f56bfc062723c751e8b465ee728b)  -> (artifact id: 'c5cbfec034a1abb64d9daa03bbc97b1a') in 0.035309 seconds 
========================================================================
Received Import Request.
  Time since last request: 8.032967 seconds.
  path: Assets/3D Assets/greyRoadStudio/LowPolyTreePack
  artifactKey: Guid(86fd7d7a59296ae49a3d3a7852c6f952) Importer(815301076,1909f56bfc062723c751e8b465ee728b)
Start importing Assets/3D Assets/greyRoadStudio/LowPolyTreePack using Guid(86fd7d7a59296ae49a3d3a7852c6f952) Importer(815301076,1909f56bfc062723c751e8b465ee728b)  -> (artifact id: 'e55191ff6b7c060d2676ee429468e961') in 0.001547 seconds 
========================================================================
Received Import Request.
  Time since last request: 9.467568 seconds.
  path: Assets/3D Assets/Trees
  artifactKey: Guid(055dbffb9a6dc894fac73c6ae1eb1a8c) Importer(815301076,1909f56bfc062723c751e8b465ee728b)
Start importing Assets/3D Assets/Trees using Guid(055dbffb9a6dc894fac73c6ae1eb1a8c) Importer(815301076,1909f56bfc062723c751e8b465ee728b)  -> (artifact id: 'ce1b6949c2fbb1a41e0da027aa607e69') in 0.001688 seconds 
========================================================================
Received Import Request.
  Time since last request: 5.828499 seconds.
  path: Assets/3D Assets/Trees/LowPolyTreePack/Prefabs
  artifactKey: Guid(3a86b0cc5468f0b4db21353307b9724e) Importer(815301076,1909f56bfc062723c751e8b465ee728b)
Start importing Assets/3D Assets/Trees/LowPolyTreePack/Prefabs using Guid(3a86b0cc5468f0b4db21353307b9724e) Importer(815301076,1909f56bfc062723c751e8b465ee728b)  -> (artifact id: '82c054faab166d52ee3b3da5c4cccccd') in 0.001363 seconds 
========================================================================
Received Import Request.
  Time since last request: 0.507752 seconds.
  path: Assets/3D Assets/Trees/LowPolyTreePack/Prefabs/birchTree.prefab
  artifactKey: Guid(e6f343cc46467004f811ce2ba3a3841b) Importer(815301076,1909f56bfc062723c751e8b465ee728b)
Start importing Assets/3D Assets/Trees/LowPolyTreePack/Prefabs/birchTree.prefab using Guid(e6f343cc46467004f811ce2ba3a3841b) Importer(815301076,1909f56bfc062723c751e8b465ee728b)  -> (artifact id: 'b32aeef28dfc280448679e98073bae3d') in 0.643080 seconds 
========================================================================
Received Import Request.
  Time since last request: 0.000016 seconds.
  path: Assets/3D Assets/Trees/LowPolyTreePack/Prefabs/rock03.prefab
  artifactKey: Guid(f16d978b3d1fa984d82c01d30a1fb40a) Importer(815301076,1909f56bfc062723c751e8b465ee728b)
Start importing Assets/3D Assets/Trees/LowPolyTreePack/Prefabs/rock03.prefab using Guid(f16d978b3d1fa984d82c01d30a1fb40a) Importer(815301076,1909f56bfc062723c751e8b465ee728b)  -> (artifact id: '74895f01c27e0b4e84b6aab01b96b283') in 0.007243 seconds 
========================================================================
Received Import Request.
  Time since last request: 0.000029 seconds.
  path: Assets/3D Assets/Trees/LowPolyTreePack/Prefabs/rockGroup02.prefab
  artifactKey: Guid(8d8b11b2e2435cc4787335555d35714f) Importer(815301076,1909f56bfc062723c751e8b465ee728b)
Start importing Assets/3D Assets/Trees/LowPolyTreePack/Prefabs/rockGroup02.prefab using Guid(8d8b11b2e2435cc4787335555d35714f) Importer(815301076,1909f56bfc062723c751e8b465ee728b)  -> (artifact id: 'a290ace59bd710ae7dd1dc2558b51f92') in 0.006669 seconds 
========================================================================
Received Import Request.
  Time since last request: 0.000014 seconds.
  path: Assets/3D Assets/Trees/LowPolyTreePack/Prefabs/oakTree.prefab
  artifactKey: Guid(b9eb627f7bb4c1748829f3f01ce72b68) Importer(815301076,1909f56bfc062723c751e8b465ee728b)
Start importing Assets/3D Assets/Trees/LowPolyTreePack/Prefabs/oakTree.prefab using Guid(b9eb627f7bb4c1748829f3f01ce72b68) Importer(815301076,1909f56bfc062723c751e8b465ee728b)  -> (artifact id: '7d1ca7019bc11f306d8b31573e5c452d') in 0.009130 seconds 
========================================================================
Received Import Request.
  Time since last request: 0.000013 seconds.
  path: Assets/3D Assets/Trees/LowPolyTreePack/Prefabs/tree.prefab
  artifactKey: Guid(23f312332b5cd5542ba196450880e89b) Importer(815301076,1909f56bfc062723c751e8b465ee728b)
Start importing Assets/3D Assets/Trees/LowPolyTreePack/Prefabs/tree.prefab using Guid(23f312332b5cd5542ba196450880e89b) Importer(815301076,1909f56bfc062723c751e8b465ee728b)  -> (artifact id: '770553a417e93d912440ff688edafade') in 0.008792 seconds 
========================================================================
Received Import Request.
  Time since last request: 0.000024 seconds.
  path: Assets/3D Assets/Trees/LowPolyTreePack/Prefabs/pineTree04.prefab
  artifactKey: Guid(db15def326817084cb719e1c5f999b99) Importer(815301076,1909f56bfc062723c751e8b465ee728b)
Start importing Assets/3D Assets/Trees/LowPolyTreePack/Prefabs/pineTree04.prefab using Guid(db15def326817084cb719e1c5f999b99) Importer(815301076,1909f56bfc062723c751e8b465ee728b)  -> (artifact id: 'cca250afe89da56974745ada9ddda25a') in 0.025390 seconds 
========================================================================
Received Import Request.
  Time since last request: 0.000016 seconds.
  path: Assets/3D Assets/Trees/LowPolyTreePack/Prefabs/treeStump.prefab
  artifactKey: Guid(c0aa33e678586aa43a1a9254fdfdfb4d) Importer(815301076,1909f56bfc062723c751e8b465ee728b)
Start importing Assets/3D Assets/Trees/LowPolyTreePack/Prefabs/treeStump.prefab using Guid(c0aa33e678586aa43a1a9254fdfdfb4d) Importer(815301076,1909f56bfc062723c751e8b465ee728b)  -> (artifact id: '8afc6984c52e3f9886c275fa600fc8f7') in 0.064895 seconds 
========================================================================
Received Import Request.
  Time since last request: 0.000014 seconds.
  path: Assets/3D Assets/Trees/LowPolyTreePack/Prefabs/rock02.prefab
  artifactKey: Guid(f76595434879f634c8b88f3cc4f08b2c) Importer(815301076,1909f56bfc062723c751e8b465ee728b)
Start importing Assets/3D Assets/Trees/LowPolyTreePack/Prefabs/rock02.prefab using Guid(f76595434879f634c8b88f3cc4f08b2c) Importer(815301076,1909f56bfc062723c751e8b465ee728b)  -> (artifact id: '7ee9eba7c9ec38a68554652e2c9ea1e4') in 0.005825 seconds 
========================================================================
Received Import Request.
  Time since last request: 0.000012 seconds.
  path: Assets/3D Assets/Trees/LowPolyTreePack/Prefabs/rockGroup01.prefab
  artifactKey: Guid(10dcade9ef34ab642846c4b889ac76e7) Importer(815301076,1909f56bfc062723c751e8b465ee728b)
Start importing Assets/3D Assets/Trees/LowPolyTreePack/Prefabs/rockGroup01.prefab using Guid(10dcade9ef34ab642846c4b889ac76e7) Importer(815301076,1909f56bfc062723c751e8b465ee728b)  -> (artifact id: '5cac81f712f3cce83a24dbe8c61a5f78') in 0.006045 seconds 
========================================================================
Received Import Request.
  Time since last request: 0.000015 seconds.
  path: Assets/3D Assets/Trees/LowPolyTreePack/Prefabs/pineTree02.prefab
  artifactKey: Guid(a1dee65b7ef7c344a97ff258503f49e7) Importer(815301076,1909f56bfc062723c751e8b465ee728b)
Start importing Assets/3D Assets/Trees/LowPolyTreePack/Prefabs/pineTree02.prefab using Guid(a1dee65b7ef7c344a97ff258503f49e7) Importer(815301076,1909f56bfc062723c751e8b465ee728b)  -> (artifact id: '4cfcafbba45dd1c9828a61adab6ea16d') in 0.006056 seconds 
========================================================================
Received Import Request.
  Time since last request: 0.000012 seconds.
  path: Assets/3D Assets/Trees/LowPolyTreePack/Prefabs/oakTree_leafless.prefab
  artifactKey: Guid(3b703535d10b66844a909b8cd4b12fc5) Importer(815301076,1909f56bfc062723c751e8b465ee728b)
Start importing Assets/3D Assets/Trees/LowPolyTreePack/Prefabs/oakTree_leafless.prefab using Guid(3b703535d10b66844a909b8cd4b12fc5) Importer(815301076,1909f56bfc062723c751e8b465ee728b)  -> (artifact id: 'f1ecc09fc711c2fcd5b3caccf2614742') in 0.006004 seconds 
========================================================================
Received Import Request.
  Time since last request: 0.000015 seconds.
  path: Assets/3D Assets/Trees/LowPolyTreePack/Prefabs/pineTree05.prefab
  artifactKey: Guid(abf04ed981f9b0e4daef0f76c3c9fc7c) Importer(815301076,1909f56bfc062723c751e8b465ee728b)
Start importing Assets/3D Assets/Trees/LowPolyTreePack/Prefabs/pineTree05.prefab using Guid(abf04ed981f9b0e4daef0f76c3c9fc7c) Importer(815301076,1909f56bfc062723c751e8b465ee728b)  -> (artifact id: '445ad94c70dd76571f0553beac9c0a01') in 0.042109 seconds 
========================================================================
Received Import Request.
  Time since last request: 0.000020 seconds.
  path: Assets/3D Assets/Trees/LowPolyTreePack/Prefabs/rock01.prefab
  artifactKey: Guid(b3d0e1c692a75b34d96fb84c9b431b64) Importer(815301076,1909f56bfc062723c751e8b465ee728b)
Start importing Assets/3D Assets/Trees/LowPolyTreePack/Prefabs/rock01.prefab using Guid(b3d0e1c692a75b34d96fb84c9b431b64) Importer(815301076,1909f56bfc062723c751e8b465ee728b)  -> (artifact id: 'c815cf9c6868bcf1886e1ff5e9b4d842') in 0.006930 seconds 
========================================================================
Received Import Request.
  Time since last request: 0.052966 seconds.
  path: Assets/3D Assets/Trees/LowPolyTreePack/Prefabs/pineTree03.prefab
  artifactKey: Guid(e191e21fcb275784a9f8b6d08dcd932c) Importer(815301076,1909f56bfc062723c751e8b465ee728b)
Start importing Assets/3D Assets/Trees/LowPolyTreePack/Prefabs/pineTree03.prefab using Guid(e191e21fcb275784a9f8b6d08dcd932c) Importer(815301076,1909f56bfc062723c751e8b465ee728b)  -> (artifact id: '3fc8654712e578a1609c822c40d3f17c') in 0.006736 seconds 
========================================================================
Received Import Request.
  Time since last request: 0.000014 seconds.
  path: Assets/3D Assets/Trees/LowPolyTreePack/Prefabs/mountain.prefab
  artifactKey: Guid(81f51ec42d5c7784aa8e8d5298eddaa0) Importer(815301076,1909f56bfc062723c751e8b465ee728b)
Start importing Assets/3D Assets/Trees/LowPolyTreePack/Prefabs/mountain.prefab using Guid(81f51ec42d5c7784aa8e8d5298eddaa0) Importer(815301076,1909f56bfc062723c751e8b465ee728b)  -> (artifact id: 'a6b2bd593a55ad0cff6c5726aee68ea9') in 0.007466 seconds 
========================================================================
Received Import Request.
  Time since last request: 36.642399 seconds.
  path: Assets/3D Assets/FreeTrees
  artifactKey: Guid(1dda5fe30fd2a42bba9d51692a095c6b) Importer(815301076,1909f56bfc062723c751e8b465ee728b)
Start importing Assets/3D Assets/FreeTrees using Guid(1dda5fe30fd2a42bba9d51692a095c6b) Importer(815301076,1909f56bfc062723c751e8b465ee728b)  -> (artifact id: 'a7c25f0ed9631745507414708acc710a') in 0.001663 seconds 
========================================================================
Received Import Request.
  Time since last request: 65.813061 seconds.
  path: Assets/Materials/Texuters
  artifactKey: Guid(94f0794a57acdb6448940b139184b1c5) Importer(815301076,1909f56bfc062723c751e8b465ee728b)
Start importing Assets/Materials/Texuters using Guid(94f0794a57acdb6448940b139184b1c5) Importer(815301076,1909f56bfc062723c751e8b465ee728b)  -> (artifact id: '12afaf45b81eb0a96891e6ef36ed1ba2') in 0.001487 seconds 
========================================================================
Received Import Request.
  Time since last request: 25.502347 seconds.
  path: Assets/3D Assets/Trees/Trees
  artifactKey: Guid(86fd7d7a59296ae49a3d3a7852c6f952) Importer(815301076,1909f56bfc062723c751e8b465ee728b)
Start importing Assets/3D Assets/Trees/Trees using Guid(86fd7d7a59296ae49a3d3a7852c6f952) Importer(815301076,1909f56bfc062723c751e8b465ee728b)  -> (artifact id: 'c28e8475d67eda7180df33c323f9c7b4') in 0.046610 seconds 
